[2020-03-02T14:16:15.292374+01:00] info.log.WARNING: pikou [] []
[2020-03-02T14:16:16.020012+01:00] info.log.WARNING: pikou [] []
[2020-03-02T14:16:16.608277+01:00] info.log.WARNING: pikou [] []
[2020-03-02T14:16:45.013002+01:00] info.log.INFO: pikou [] []
[2020-03-02T14:16:49.405004+01:00] info.log.INFO: pikou [] []
[2020-03-02T14:22:32.673077+01:00] INFO->.INFO: pikou [] []
[2020-03-02T14:23:43.539401+01:00] INFO->.INFO: pikou [] []
[2020-03-02T14:25:08.224611+01:00] INFO->.INFO: pikou [] []
[2020-03-02T14:29:54.916915+01:00] INFO->.INFO: pikou [] []
[2020-03-02T14:31:28.450333+01:00] INFO->.INFO: pikou [] []
[2020-03-02T14:32:28.077455+01:00] INFO->.INFO: pikou [] []
[2020-03-02T14:37:26.098894+01:00] INFO->.INFO: pikou [] []
[2020-03-02T14:39:16.866017+01:00] INFO->.INFO: pikou [] []
[2020-03-02T14:39:40.625320+01:00] INFO->.INFO: $getter [] []
[2020-03-02T14:39:48.898476+01:00] INFO->.INFO:  [] []
[2020-03-02T14:39:49.990223+01:00] INFO->.INFO:  [] []
[2020-03-02T14:40:14.356478+01:00] INFO->.INFO: $_GET['message'] [] []
[2020-03-02T14:47:50.429986+01:00] INFO->.INFO: pikou [] []
[2020-03-02T15:38:52.523068+01:00] NOTICE->.WARNING: noticeeeeeee me senpaiiii [] []
[2020-03-02T15:39:07.876653+01:00] NOTICE->.NOTICE: noticeeeeeee me senpaiiii [] []
[2020-03-02T15:39:15.595878+01:00] NOTICE->.NOTICE: noticeeeeeee me senpaiiii [] []
