[2020-03-02T12:22:49.260036+01:00] warning.log.WARNING: Foo [] []
[2020-03-02T12:22:49.260877+01:00] warning.log.ERROR: Bar [] []
[2020-03-02T12:22:49.261039+01:00] warning.log.INFO: My logger is now ready [] []
[2020-03-02T12:22:50.348652+01:00] warning.log.WARNING: Foo [] []
[2020-03-02T12:22:50.349631+01:00] warning.log.ERROR: Bar [] []
[2020-03-02T12:22:50.349903+01:00] warning.log.INFO: My logger is now ready [] []
[2020-03-02T12:22:50.686991+01:00] warning.log.WARNING: Foo [] []
[2020-03-02T12:22:50.687403+01:00] warning.log.ERROR: Bar [] []
[2020-03-02T12:22:50.687571+01:00] warning.log.INFO: My logger is now ready [] []
[2020-03-02T12:22:50.942642+01:00] warning.log.WARNING: Foo [] []
[2020-03-02T12:22:50.943633+01:00] warning.log.ERROR: Bar [] []
[2020-03-02T12:22:50.944008+01:00] warning.log.INFO: My logger is now ready [] []
[2020-03-02T12:22:51.170467+01:00] warning.log.WARNING: Foo [] []
[2020-03-02T12:22:51.170836+01:00] warning.log.ERROR: Bar [] []
[2020-03-02T12:22:51.170984+01:00] warning.log.INFO: My logger is now ready [] []
[2020-03-02T12:22:51.376262+01:00] warning.log.WARNING: Foo [] []
[2020-03-02T12:22:51.376653+01:00] warning.log.ERROR: Bar [] []
[2020-03-02T12:22:51.376807+01:00] warning.log.INFO: My logger is now ready [] []
[2020-03-02T12:23:08.215110+01:00] warning.log.WARNING: Foo [] []
[2020-03-02T12:23:08.215761+01:00] warning.log.ERROR: Bar [] []
[2020-03-02T12:23:08.215997+01:00] warning.log.INFO: My logger is now ready [] []
[2020-03-02T12:23:57.450546+01:00] warning.log.WARNING: Foo [] []
[2020-03-02T12:23:57.451009+01:00] warning.log.ERROR: Bar [] []
[2020-03-02T12:23:57.451234+01:00] warning.log.INFO: My logger is now ready [] []
[2020-03-02T12:24:00.064261+01:00] warning.log.WARNING: Foo [] []
[2020-03-02T12:24:00.065240+01:00] warning.log.ERROR: Bar [] []
[2020-03-02T12:24:00.065579+01:00] warning.log.INFO: My logger is now ready [] []
[2020-03-02T12:24:01.885348+01:00] warning.log.WARNING: Foo [] []
[2020-03-02T12:24:01.886182+01:00] warning.log.ERROR: Bar [] []
[2020-03-02T12:24:01.886535+01:00] warning.log.INFO: My logger is now ready [] []
[2020-03-02T12:24:04.478387+01:00] warning.log.WARNING: Foo [] []
[2020-03-02T12:24:04.478939+01:00] warning.log.ERROR: Bar [] []
[2020-03-02T12:24:04.479231+01:00] warning.log.INFO: My logger is now ready [] []
[2020-03-02T12:24:57.208185+01:00] warning.log.WARNING: Foo [] []
[2020-03-02T12:24:57.209050+01:00] warning.log.WARNING: Bar [] []
[2020-03-02T12:24:57.209358+01:00] warning.log.INFO: My logger is now ready [] []
[2020-03-02T12:25:29.907728+01:00] warning.log.WARNING: Foo [] []
[2020-03-02T12:25:29.908164+01:00] warning.log.WARNING: Bar [] []
[2020-03-02T12:25:29.908318+01:00] warning.log.INFO: My logger is now ready [] []
[2020-03-02T12:28:02.589013+01:00] warning.log.WARNING: pikou [] []
[2020-03-02T12:28:02.589708+01:00] warning.log.WARNING: Bar [] []
[2020-03-02T12:28:02.589955+01:00] warning.log.INFO: info loggggsfdsefs [] []
[2020-03-02T12:28:16.990333+01:00] warning.log.WARNING: pikou [] []
[2020-03-02T12:28:16.991231+01:00] warning.log.WARNING: Bar [] []
[2020-03-02T12:28:16.991563+01:00] warning.log.INFO: info loggggsfdsefs [] []
[2020-03-02T12:28:33.745699+01:00] warning.log.WARNING: pikou [] []
[2020-03-02T12:28:33.746180+01:00] warning.log.WARNING: Bar [] []
[2020-03-02T12:28:33.746342+01:00] warning.log.INFO: info loggggsfdsefs [] []
[2020-03-02T12:29:47.228424+01:00] warning.log.WARNING: pikou [] []
[2020-03-02T12:29:47.229063+01:00] warning.log.WARNING: Bar [] []
[2020-03-02T12:29:47.229317+01:00] warning.log.INFO: info loggggsfdsefs [] []
[2020-03-02T12:30:33.490838+01:00] warning.log.WARNING: pikou [] []
[2020-03-02T12:30:33.491389+01:00] warning.log.WARNING: Bar [] []
[2020-03-02T12:30:33.491540+01:00] warning.log.INFO: info loggggsfdsefs [] []
[2020-03-02T14:15:04.837913+01:00] info.log.WARNING: pikou [] []
[2020-03-02T14:15:04.839003+01:00] warning.log.WARNING: Bar [] []
[2020-03-02T14:15:06.331741+01:00] info.log.WARNING: pikou [] []
[2020-03-02T14:15:06.332710+01:00] warning.log.WARNING: Bar [] []
[2020-03-02T14:15:23.111230+01:00] info.log.WARNING: pikou [] []
[2020-03-02T14:15:23.111998+01:00] warning.log.WARNING: Bar [] []
[2020-03-02T14:16:15.293305+01:00] warning.log.WARNING: Bar [] []
[2020-03-02T14:16:16.020424+01:00] warning.log.WARNING: Bar [] []
[2020-03-02T14:16:16.609140+01:00] warning.log.WARNING: Bar [] []
[2020-03-02T14:16:45.014044+01:00] warning.log.WARNING: Bar [] []
[2020-03-02T14:16:49.405797+01:00] warning.log.WARNING: Bar [] []
[2020-03-02T14:22:32.673934+01:00] WARNING!--->.WARNING: Bar [] []
[2020-03-02T14:23:43.540095+01:00] WARNING!--->.WARNING: Bar [] []
[2020-03-02T14:25:08.225612+01:00] WARNING!--->.WARNING: Bar [] []
[2020-03-02T14:29:54.917288+01:00] WARNING!--->.WARNING: Bar [] []
[2020-03-02T14:31:28.451299+01:00] WARNING!--->.WARNING: Bar [] []
[2020-03-02T14:32:28.078122+01:00] WARNING!--->.WARNING: Bar [] []
[2020-03-02T14:37:26.099321+01:00] WARNING!--->.WARNING: Bar [] []
[2020-03-02T14:39:16.866492+01:00] WARNING!--->.WARNING: Bar [] []
[2020-03-02T14:39:40.625950+01:00] WARNING!--->.WARNING: Bar [] []
[2020-03-02T14:39:48.898940+01:00] WARNING!--->.WARNING: Bar [] []
[2020-03-02T14:39:49.990829+01:00] WARNING!--->.WARNING: Bar [] []
[2020-03-02T14:40:14.356903+01:00] WARNING!--->.WARNING: Bar [] []
[2020-03-02T14:47:50.430519+01:00] WARNING!--->.WARNING: Bar [] []
[2020-03-02T15:37:02.505663+01:00] WARNING-->.WARNING: thisadwdwfrsf warning [] []
[2020-03-02T15:37:22.789558+01:00] WARNING-->.WARNING: esfsgsdrgsdrg [] []
[2020-03-02T15:37:46.642797+01:00] WARNING-->.WARNING: lame [] []
[2020-03-02T15:42:39.325384+01:00] WARNING-->.WARNING: test me [] []
[2020-03-02T16:18:44.231249+01:00] ERROR-->.ERROR: OW NOES ERRORZZZ  [] []
[2020-03-02T16:20:40.120663+01:00] ERROR-->.ERROR: OW NOES ERRORZZZ  [] []
[2020-03-02T16:28:14.788239+01:00] ERROR-->.ERROR: OW NOES ERRORZZZ  [] []
[2020-03-02T16:49:58.163526+01:00] CRITICAL-->.CRITICAL: Testttttingggg [] []
